0 verbose cli /usr/local/bin/node /usr/local/bin/npm
1 info using npm@8.11.0
2 info using node@v16.16.0
3 timing npm:load:whichnode Completed in 0ms
4 timing config:load:defaults Completed in 7ms
5 timing config:load:file:/usr/local/lib/node_modules/npm/npmrc Completed in 1ms
6 timing config:load:builtin Completed in 1ms
7 timing config:load:cli Completed in 4ms
8 timing config:load:env Completed in 0ms
9 timing config:load:file:/data/.npmrc Completed in 0ms
10 timing config:load:project Completed in 6ms
11 timing config:load:file:/usr/src/node-red/.npmrc Completed in 1ms
12 timing config:load:user Completed in 1ms
13 timing config:load:file:/usr/local/etc/npmrc Completed in 3ms
14 timing config:load:global Completed in 3ms
15 timing config:load:validate Completed in 1ms
16 timing config:load:credentials Completed in 2ms
17 timing config:load:setEnvs Completed in 1ms
18 timing config:load Completed in 27ms
19 timing npm:load:configload Completed in 27ms
20 timing npm:load:mkdirpcache Completed in 5ms
21 timing npm:load:mkdirplogs Completed in 0ms
22 verbose title npm remove node-red-contrib-chartjs
23 verbose argv "remove" "--no-audit" "--no-update-notifier" "--no-fund" "--save" "node-red-contrib-chartjs"
24 timing npm:load:setTitle Completed in 2ms
25 timing config:load:flatten Completed in 5ms
26 timing npm:load:display Completed in 6ms
27 verbose logfile logs-max:10 dir:/data/.npm/_logs
28 verbose logfile /data/.npm/_logs/2023-05-03T02_07_53_674Z-debug-0.log
29 timing npm:load:logFile Completed in 8ms
30 timing npm:load:timers Completed in 0ms
31 timing npm:load:configScope Completed in 0ms
32 timing npm:load Completed in 52ms
33 timing arborist:ctor Completed in 1ms
34 silly logfile start cleaning logs, removing 13 files
35 timing idealTree:init Completed in 122ms
36 timing idealTree:userRequests Completed in 2ms
37 silly idealTree buildDeps
38 timing idealTree:#root Completed in 0ms
39 timing idealTree:buildDeps Completed in 1ms
40 timing idealTree:fixDepFlags Completed in 8ms
41 timing idealTree Completed in 136ms
42 timing arborist:ctor Completed in 0ms
43 timing reify:loadTrees Completed in 204ms
44 timing reify:diffTrees Completed in 13ms
45 silly reify mark retired [ '/data/node_modules/after' ]
46 silly reify mark retired [ '/data/node_modules/arraybuffer.slice' ]
47 silly reify mark retired [ '/data/node_modules/backo2' ]
48 silly reify mark retired [ '/data/node_modules/base64-arraybuffer' ]
49 silly reify mark retired [ '/data/node_modules/blob' ]
50 silly reify mark retired [ '/data/node_modules/chart.js' ]
51 silly reify mark retired [ '/data/node_modules/chartjs-color' ]
52 silly reify mark retired [ '/data/node_modules/chartjs-color-string' ]
53 silly reify mark retired [ '/data/node_modules/color-convert' ]
54 silly reify mark retired [ '/data/node_modules/color-name' ]
55 silly reify mark retired [ '/data/node_modules/component-bind' ]
56 silly reify mark retired [ '/data/node_modules/component-emitter' ]
57 silly reify mark retired [ '/data/node_modules/component-inherit' ]
58 silly reify mark retired [ '/data/node_modules/engine.io-client' ]
59 silly reify mark retired [ '/data/node_modules/has-binary2' ]
60 silly reify mark retired [ '/data/node_modules/has-cors' ]
61 silly reify mark retired [ '/data/node_modules/indexof' ]
62 silly reify mark retired [ '/data/node_modules/isarray' ]
63 silly reify mark retired [ '/data/node_modules/moment' ]
64 silly reify mark retired [ '/data/node_modules/node-red-contrib-chartjs' ]
65 silly reify mark retired [ '/data/node_modules/parseqs' ]
66 silly reify mark retired [ '/data/node_modules/parseuri' ]
67 silly reify mark retired [ '/data/node_modules/socket.io-client' ]
68 silly reify mark retired [ '/data/node_modules/to-array' ]
69 silly reify mark retired [ '/data/node_modules/xmlhttprequest-ssl' ]
70 silly reify mark retired [ '/data/node_modules/yeast' ]
71 silly reify moves {
71 silly reify   '/data/node_modules/after': '/data/node_modules/.after-zbYH2LFA',
71 silly reify   '/data/node_modules/arraybuffer.slice': '/data/node_modules/.arraybuffer.slice-qJPzkfB5',
71 silly reify   '/data/node_modules/backo2': '/data/node_modules/.backo2-6nCGwWx3',
71 silly reify   '/data/node_modules/base64-arraybuffer': '/data/node_modules/.base64-arraybuffer-Yg6lkDfr',
71 silly reify   '/data/node_modules/blob': '/data/node_modules/.blob-qxcGmUPU',
71 silly reify   '/data/node_modules/chart.js': '/data/node_modules/.chart.js-b1YZAtPt',
71 silly reify   '/data/node_modules/chartjs-color': '/data/node_modules/.chartjs-color-6xlwdObA',
71 silly reify   '/data/node_modules/chartjs-color-string': '/data/node_modules/.chartjs-color-string-SGxJNicL',
71 silly reify   '/data/node_modules/color-convert': '/data/node_modules/.color-convert-CyDcREMC',
71 silly reify   '/data/node_modules/color-name': '/data/node_modules/.color-name-VkBrgzKr',
71 silly reify   '/data/node_modules/component-bind': '/data/node_modules/.component-bind-YHKkM9Zd',
71 silly reify   '/data/node_modules/component-emitter': '/data/node_modules/.component-emitter-uk9S2GBc',
71 silly reify   '/data/node_modules/component-inherit': '/data/node_modules/.component-inherit-pwbUeVqL',
71 silly reify   '/data/node_modules/engine.io-client': '/data/node_modules/.engine.io-client-eKWxWDgY',
71 silly reify   '/data/node_modules/has-binary2': '/data/node_modules/.has-binary2-edLMm3sC',
71 silly reify   '/data/node_modules/has-cors': '/data/node_modules/.has-cors-yxNNt6lX',
71 silly reify   '/data/node_modules/indexof': '/data/node_modules/.indexof-O7a4NxVr',
71 silly reify   '/data/node_modules/isarray': '/data/node_modules/.isarray-Qb0SFsNw',
71 silly reify   '/data/node_modules/moment': '/data/node_modules/.moment-HMXFnPrn',
71 silly reify   '/data/node_modules/node-red-contrib-chartjs': '/data/node_modules/.node-red-contrib-chartjs-XdlFq4Xp',
71 silly reify   '/data/node_modules/parseqs': '/data/node_modules/.parseqs-azIRsOFh',
71 silly reify   '/data/node_modules/parseuri': '/data/node_modules/.parseuri-A6MSd3Zk',
71 silly reify   '/data/node_modules/socket.io-client': '/data/node_modules/.socket.io-client-GAmbjxQw',
71 silly reify   '/data/node_modules/to-array': '/data/node_modules/.to-array-fmb3Pr3T',
71 silly reify   '/data/node_modules/xmlhttprequest-ssl': '/data/node_modules/.xmlhttprequest-ssl-cCzkOwrO',
71 silly reify   '/data/node_modules/yeast': '/data/node_modules/.yeast-0SwsZHcc'
71 silly reify }
72 silly logfile done cleaning log files
73 timing reify:retireShallow Completed in 16ms
74 timing reify:createSparse Completed in 0ms
75 timing reify:loadBundles Completed in 0ms
76 timing reify:unpack Completed in 0ms
77 timing reify:unretire Completed in 0ms
78 timing build:queue Completed in 0ms
79 timing build:deps Completed in 1ms
80 timing build Completed in 1ms
81 timing reify:build Completed in 1ms
82 timing reify:trash Completed in 89ms
83 timing reify:save Completed in 23ms
84 timing reify Completed in 367ms
85 silly REMOVE node_modules/yeast
86 silly REMOVE node_modules/xmlhttprequest-ssl
87 silly REMOVE node_modules/to-array
88 silly REMOVE node_modules/socket.io-client
89 silly REMOVE node_modules/socket.io-client/node_modules/socket.io-parser
90 silly REMOVE node_modules/socket.io-client/node_modules/debug
91 silly REMOVE node_modules/parseuri
92 silly REMOVE node_modules/parseqs
93 silly REMOVE node_modules/node-red-contrib-chartjs
94 silly REMOVE node_modules/node-red-contrib-chartjs/node_modules/ws
95 silly REMOVE node_modules/node-red-contrib-chartjs/node_modules/socket.io-parser
96 silly REMOVE node_modules/node-red-contrib-chartjs/node_modules/socket.io-adapter
97 silly REMOVE node_modules/node-red-contrib-chartjs/node_modules/socket.io
98 silly REMOVE node_modules/node-red-contrib-chartjs/node_modules/ms
99 silly REMOVE node_modules/node-red-contrib-chartjs/node_modules/engine.io-parser
100 silly REMOVE node_modules/node-red-contrib-chartjs/node_modules/engine.io
101 silly REMOVE node_modules/node-red-contrib-chartjs/node_modules/debug
102 silly REMOVE node_modules/node-red-contrib-chartjs/node_modules/component-emitter
103 silly REMOVE node_modules/moment
104 silly REMOVE node_modules/isarray
105 silly REMOVE node_modules/indexof
106 silly REMOVE node_modules/has-cors
107 silly REMOVE node_modules/has-binary2
108 silly REMOVE node_modules/engine.io-client
109 silly REMOVE node_modules/engine.io-client/node_modules/ws
110 silly REMOVE node_modules/engine.io-client/node_modules/engine.io-parser
111 silly REMOVE node_modules/engine.io-client/node_modules/debug
112 silly REMOVE node_modules/component-inherit
113 silly REMOVE node_modules/component-emitter
114 silly REMOVE node_modules/component-bind
115 silly REMOVE node_modules/color-name
116 silly REMOVE node_modules/color-convert
117 silly REMOVE node_modules/color-convert/node_modules/color-name
118 silly REMOVE node_modules/chartjs-color-string
119 silly REMOVE node_modules/chartjs-color
120 silly REMOVE node_modules/chart.js
121 silly REMOVE node_modules/blob
122 silly REMOVE node_modules/base64-arraybuffer
123 silly REMOVE node_modules/backo2
124 silly REMOVE node_modules/arraybuffer.slice
125 silly REMOVE node_modules/after
126 timing command:remove Completed in 375ms
127 verbose exit 0
128 timing npm Completed in 543ms
129 info ok
